# JRE version: OpenJDK Runtime Environment 18.9 (11.0.12+7) (build 11.0.12+7-LTS)
# Java VM: OpenJDK 64-Bit Server VM 18.9 (11.0.12+7-LTS, mixed mode, sharing, tiered, compressed oops, g1 gc, linux-amd64)
Heap:
 garbage-first heap   total 61440K, used 18477K [0x00000000c6c00000, 0x0000000100000000)
  region size 1024K, 14 young (14336K), 1 survivors (1024K)
 Metaspace       used 23727K, capacity 24223K, committed 24496K, reserved 1071104K
  class space    used 2530K, capacity 2757K, committed 2816K, reserved 1048576K
GC Heap History (10 events):
Event: 1.203 GC heap before
{Heap before GC invocations=0 (full 0):
 garbage-first heap   total 61440K, used 14028K [0x00000000c6c00000, 0x0000000100000000)
  region size 1024K, 14 young (14336K), 0 survivors (0K)
 Metaspace       used 6515K, capacity 6819K, committed 7040K, reserved 1056768K
  class space    used 700K, capacity 795K, committed 896K, reserved 1048576K
}
Event: 1.215 GC heap after
{Heap after GC invocations=1 (full 0):
 garbage-first heap   total 61440K, used 4002K [0x00000000c6c00000, 0x0000000100000000)
  region size 1024K, 2 young (2048K), 2 survivors (2048K)
 Metaspace       used 6515K, capacity 6819K, committed 7040K, reserved 1056768K
  class space    used 700K, capacity 795K, committed 896K, reserved 1048576K
}
Event: 1.538 GC heap before
{Heap before GC invocations=1 (full 0):
 garbage-first heap   total 61440K, used 16290K [0x00000000c6c00000, 0x0000000100000000)
  region size 1024K, 14 young (14336K), 2 survivors (2048K)
 Metaspace       used 9323K, capacity 9490K, committed 9856K, reserved 1058816K
  class space    used 994K, capacity 1060K, committed 1152K, reserved 1048576K
}
Event: 1.552 GC heap after
{Heap after GC invocations=2 (full 0):
 garbage-first heap   total 61440K, used 4895K [0x00000000c6c00000, 0x0000000100000000)
  region size 1024K, 1 young (1024K), 1 survivors (1024K)
 Metaspace       used 9323K, capacity 9490K, committed 9856K, reserved 1058816K
  class space    used 994K, capacity 1060K, committed 1152K, reserved 1048576K
}
Event: 4.699 GC heap before
{Heap before GC invocations=2 (full 0):
 garbage-first heap   total 61440K, used 28447K [0x00000000c6c00000, 0x0000000100000000)
  region size 1024K, 25 young (25600K), 1 survivors (1024K)
 Metaspace       used 16448K, capacity 16838K, committed 17024K, reserved 1064960K
  class space    used 1747K, capacity 1894K, committed 1920K, reserved 1048576K
}
Event: 4.709 GC heap after
{Heap after GC invocations=3 (full 0):
 garbage-first heap   total 61440K, used 6807K [0x00000000c6c00000, 0x0000000100000000)
  region size 1024K, 3 young (3072K), 3 survivors (3072K)
 Metaspace       used 16448K, capacity 16838K, committed 17024K, reserved 1064960K
  class space    used 1747K, capacity 1894K, committed 1920K, reserved 1048576K
}
Event: 5.266 GC heap before
{Heap before GC invocations=3 (full 0):
 garbage-first heap   total 61440K, used 32407K [0x00000000c6c00000, 0x0000000100000000)
  region size 1024K, 29 young (29696K), 3 survivors (3072K)
 Metaspace       used 20223K, capacity 20644K, committed 21120K, reserved 1069056K
  class space    used 2161K, capacity 2329K, committed 2432K, reserved 1048576K
}
Event: 5.275 GC heap after
{Heap after GC invocations=4 (full 0):
 garbage-first heap   total 61440K, used 7210K [0x00000000c6c00000, 0x0000000100000000)
  region size 1024K, 3 young (3072K), 3 survivors (3072K)
 Metaspace       used 20223K, capacity 20644K, committed 21120K, reserved 1069056K
  class space    used 2161K, capacity 2329K, committed 2432K, reserved 1048576K
}
Event: 5.313 GC heap before
{Heap before GC invocations=4 (full 0):
 garbage-first heap   total 61440K, used 7210K [0x00000000c6c00000, 0x0000000100000000)
  region size 1024K, 4 young (4096K), 3 survivors (3072K)
 Metaspace       used 20571K, capacity 20964K, committed 21296K, reserved 1069056K
  class space    used 2170K, capacity 2329K, committed 2432K, reserved 1048576K
}
Event: 5.323 GC heap after
{Heap after GC invocations=5 (full 0):
 garbage-first heap   total 61440K, used 7213K [0x00000000c6c00000, 0x0000000100000000)
  region size 1024K, 1 young (1024K), 1 survivors (1024K)
 Metaspace       used 20571K, capacity 20964K, committed 21296K, reserved 1069056K
  class space    used 2170K, capacity 2329K, committed 2432K, reserved 1048576K
}

