# JRE version: OpenJDK Runtime Environment 18.9 (11.0.12+7) (build 11.0.12+7-LTS)
# Java VM: OpenJDK 64-Bit Server VM 18.9 (11.0.12+7-LTS, mixed mode, sharing, tiered, compressed oops, g1 gc, linux-amd64)
Heap:
 garbage-first heap   total 61440K, used 19521K [0x00000000c6c00000, 0x0000000100000000)
  region size 1024K, 15 young (15360K), 2 survivors (2048K)
 Metaspace       used 23628K, capacity 24158K, committed 24496K, reserved 1071104K
  class space    used 2529K, capacity 2757K, committed 2816K, reserved 1048576K
GC Heap History (8 events):
Event: 0.971 GC heap before
{Heap before GC invocations=0 (full 0):
 garbage-first heap   total 61440K, used 14028K [0x00000000c6c00000, 0x0000000100000000)
  region size 1024K, 14 young (14336K), 0 survivors (0K)
 Metaspace       used 6498K, capacity 6819K, committed 7040K, reserved 1056768K
  class space    used 700K, capacity 795K, committed 896K, reserved 1048576K
}
Event: 0.982 GC heap after
{Heap after GC invocations=1 (full 0):
 garbage-first heap   total 61440K, used 3954K [0x00000000c6c00000, 0x0000000100000000)
  region size 1024K, 2 young (2048K), 2 survivors (2048K)
 Metaspace       used 6498K, capacity 6819K, committed 7040K, reserved 1056768K
  class space    used 700K, capacity 795K, committed 896K, reserved 1048576K
}
Event: 3.561 GC heap before
{Heap before GC invocations=1 (full 0):
 garbage-first heap   total 61440K, used 35698K [0x00000000c6c00000, 0x0000000100000000)
  region size 1024K, 34 young (34816K), 2 survivors (2048K)
 Metaspace       used 15913K, capacity 16288K, committed 16768K, reserved 1064960K
  class space    used 1704K, capacity 1860K, committed 1920K, reserved 1048576K
}
Event: 3.580 GC heap after
{Heap after GC invocations=2 (full 0):
 garbage-first heap   total 61440K, used 6258K [0x00000000c6c00000, 0x0000000100000000)
  region size 1024K, 5 young (5120K), 5 survivors (5120K)
 Metaspace       used 15913K, capacity 16288K, committed 16768K, reserved 1064960K
  class space    used 1704K, capacity 1860K, committed 1920K, reserved 1048576K
}
Event: 4.603 GC heap before
{Heap before GC invocations=2 (full 0):
 garbage-first heap   total 61440K, used 35954K [0x00000000c6c00000, 0x0000000100000000)
  region size 1024K, 34 young (34816K), 5 survivors (5120K)
 Metaspace       used 20177K, capacity 20579K, committed 21120K, reserved 1069056K
  class space    used 2163K, capacity 2329K, committed 2432K, reserved 1048576K
}
Event: 4.616 GC heap after
{Heap after GC invocations=3 (full 0):
 garbage-first heap   total 61440K, used 7054K [0x00000000c6c00000, 0x0000000100000000)
  region size 1024K, 4 young (4096K), 4 survivors (4096K)
 Metaspace       used 20177K, capacity 20579K, committed 21120K, reserved 1069056K
  class space    used 2163K, capacity 2329K, committed 2432K, reserved 1048576K
}
Event: 4.629 GC heap before
{Heap before GC invocations=3 (full 0):
 garbage-first heap   total 61440K, used 7054K [0x00000000c6c00000, 0x0000000100000000)
  region size 1024K, 5 young (5120K), 4 survivors (4096K)
 Metaspace       used 20524K, capacity 20899K, committed 21296K, reserved 1069056K
  class space    used 2171K, capacity 2329K, committed 2432K, reserved 1048576K
}
Event: 4.640 GC heap after
{Heap after GC invocations=4 (full 0):
 garbage-first heap   total 61440K, used 7233K [0x00000000c6c00000, 0x0000000100000000)
  region size 1024K, 2 young (2048K), 2 survivors (2048K)
 Metaspace       used 20524K, capacity 20899K, committed 21296K, reserved 1069056K
  class space    used 2171K, capacity 2329K, committed 2432K, reserved 1048576K
}

